0 info it worked if it ends with ok
1 verbose cli [ 'C:\\Program Files\\nodejs\\node.exe',
1 verbose cli   'C:\\Program Files\\nodejs\\node_modules\\npm\\bin\\npm-cli.js',
1 verbose cli   'run',
1 verbose cli   'build' ]
2 info using npm@3.10.10
3 info using node@v6.11.0
4 verbose run-script [ 'prebuild', 'build', 'postbuild' ]
5 info lifecycle jsartoolkit@0.0.0~prebuild: jsartoolkit@0.0.0
6 silly lifecycle jsartoolkit@0.0.0~prebuild: no script for prebuild, continuing
7 info lifecycle jsartoolkit@0.0.0~build: jsartoolkit@0.0.0
8 verbose lifecycle jsartoolkit@0.0.0~build: unsafe-perm in lifecycle true
9 verbose lifecycle jsartoolkit@0.0.0~build: PATH: C:\Program Files\nodejs\node_modules\npm\bin\node-gyp-bin;C:\Users\user\Documents\GitHub\jsartoolkit5\node_modules\.bin;C:\Program Files\NVIDIA GPU Computing Toolkit\CUDA\v8.0\bin;C:\Program Files\NVIDIA GPU Computing Toolkit\CUDA\v8.0\libnvvp;C:\Windows\system32;C:\Windows;C:\Windows\System32\Wbem;C:\Windows\System32\WindowsPowerShell\v1.0\;C:\Program Files\WIDCOMM\Bluetooth Software\;C:\Program Files\WIDCOMM\Bluetooth Software\syswow64;C:\Program Files (x86)\Common Files\Roxio Shared\DLLShared\;C:\Program Files (x86)\Common Files\Roxio Shared\OEM\DLLShared\;C:\Program Files (x86)\Common Files\Roxio Shared\OEM\DLLShared\;C:\Program Files (x86)\Common Files\Roxio Shared\OEM\12.0\DLLShared\;C:\Program Files (x86)\Roxio\OEM\AudioCore\;C:\Program Files (x86)\GtkSharp\2.12\bin;C:\Program Files\Git\cmd;C:\Program Files\TortoiseGit\bin;C:\Program Files\MiKTeX 2.9\miktex\bin\x64\;C:\Program Files (x86)\NVIDIA Corporation\PhysX\Common;C:\Program Files\Microsoft SQL Server\130\Tools\Binn\;C:\Program Files\dotnet\;C:\Program Files\Intel\WiFi\bin\;C:\Program Files\Common Files\Intel\WirelessCommon\;C:\Program Files\nodejs\;C:\Program Files\Emscripten\emscripten\1.35.0;C:\Program Files\Emscripten;C:\Program Files\Emscripten\clang\e1.35.0_64bit;C:\Program Files\Emscripten\node\0.12.2_64bit;C:\Program Files\Emscripten\python\2.7.5.3_64bit;C:\Program Files\Emscripten\java\7.45_64bit\bin;C:\Program Files\Emscripten\crunch\1.03;C:\Program Files\Emscripten\mingw\4.6.2_32bit;C:\Program Files\Intel\WiFi\bin\;C:\Program Files\Common Files\Intel\WirelessCommon\;C:\Users\user\AppData\Roaming\npm
10 verbose lifecycle jsartoolkit@0.0.0~build: CWD: C:\Users\user\Documents\GitHub\jsartoolkit5
11 silly lifecycle jsartoolkit@0.0.0~build: Args: [ '/d /s /c', 'node tools/makem.js; echo Built at `date`' ]
12 silly lifecycle jsartoolkit@0.0.0~build: Returned: code: 1  signal: null
13 info lifecycle jsartoolkit@0.0.0~build: Failed to exec build script
14 verbose stack Error: jsartoolkit@0.0.0 build: `node tools/makem.js; echo Built at `date``
14 verbose stack Exit status 1
14 verbose stack     at EventEmitter.<anonymous> (C:\Program Files\nodejs\node_modules\npm\lib\utils\lifecycle.js:255:16)
14 verbose stack     at emitTwo (events.js:106:13)
14 verbose stack     at EventEmitter.emit (events.js:191:7)
14 verbose stack     at ChildProcess.<anonymous> (C:\Program Files\nodejs\node_modules\npm\lib\utils\spawn.js:40:14)
14 verbose stack     at emitTwo (events.js:106:13)
14 verbose stack     at ChildProcess.emit (events.js:191:7)
14 verbose stack     at maybeClose (internal/child_process.js:891:16)
14 verbose stack     at Process.ChildProcess._handle.onexit (internal/child_process.js:226:5)
15 verbose pkgid jsartoolkit@0.0.0
16 verbose cwd C:\Users\user\Documents\GitHub\jsartoolkit5
17 error Windows_NT 6.1.7601
18 error argv "C:\\Program Files\\nodejs\\node.exe" "C:\\Program Files\\nodejs\\node_modules\\npm\\bin\\npm-cli.js" "run" "build"
19 error node v6.11.0
20 error npm  v3.10.10
21 error code ELIFECYCLE
22 error jsartoolkit@0.0.0 build: `node tools/makem.js; echo Built at `date``
22 error Exit status 1
23 error Failed at the jsartoolkit@0.0.0 build script 'node tools/makem.js; echo Built at `date`'.
23 error Make sure you have the latest version of node.js and npm installed.
23 error If you do, this is most likely a problem with the jsartoolkit package,
23 error not with npm itself.
23 error Tell the author that this fails on your system:
23 error     node tools/makem.js; echo Built at `date`
23 error You can get information on how to open an issue for this project with:
23 error     npm bugs jsartoolkit
23 error Or if that isn't available, you can get their info via:
23 error     npm owner ls jsartoolkit
23 error There is likely additional logging output above.
24 verbose exit [ 1, true ]
